[debug] [2020-10-22T00:12:26.093Z] ----------------------------------------------------------------------
[debug] [2020-10-22T00:12:26.095Z] Command:       C:\Program Files\nodejs\node.exe C:\Users\Peebl\AppData\Roaming\npm\node_modules\firebase-tools\lib\bin\firebase.js serve
[debug] [2020-10-22T00:12:26.095Z] CLI Version:   8.13.0
[debug] [2020-10-22T00:12:26.095Z] Platform:      win32
[debug] [2020-10-22T00:12:26.095Z] Node Version:  v12.16.2
[debug] [2020-10-22T00:12:26.096Z] Time:          Wed Oct 21 2020 17:12:26 GMT-0700 (Pacific Daylight Time)
[debug] [2020-10-22T00:12:26.096Z] ----------------------------------------------------------------------
[debug] [2020-10-22T00:12:26.096Z] 
[debug] [2020-10-22T00:12:26.102Z] > command requires scopes: ["email","openid","https://www.googleapis.com/auth/cloudplatformprojects.readonly","https://www.googleapis.com/auth/firebase","https://www.googleapis.com/auth/cloud-platform"]
[debug] [2020-10-22T00:12:26.103Z] > authorizing via signed-in user
[debug] [2020-10-22T00:12:26.103Z] [iam] checking project coffeerun-476fb for permissions ["firebase.projects.get"]
[debug] [2020-10-22T00:12:26.106Z] >>> HTTP REQUEST POST https://cloudresourcemanager.googleapis.com/v1/projects/coffeerun-476fb:testIamPermissions  
 {"permissions":["firebase.projects.get"]}
[debug] [2020-10-22T00:12:26.427Z] <<< HTTP RESPONSE 200 {"content-type":"application/json; charset=UTF-8","vary":"X-Origin, Referer, Origin,Accept-Encoding","date":"Thu, 22 Oct 2020 00:12:28 GMT","server":"ESF","cache-control":"private","x-xss-protection":"0","x-frame-options":"SAMEORIGIN","x-content-type-options":"nosniff","server-timing":"gfet4t7; dur=180","alt-svc":"h3-Q050=\":443\"; ma=2592000,h3-29=\":443\"; ma=2592000,h3-27=\":443\"; ma=2592000,h3-T051=\":443\"; ma=2592000,h3-T050=\":443\"; ma=2592000,h3-Q046=\":443\"; ma=2592000,h3-Q043=\":443\"; ma=2592000,quic=\":443\"; ma=2592000; v=\"46,43\"","accept-ranges":"none","transfer-encoding":"chunked"}
[debug] [2020-10-22T00:12:26.429Z] >>> HTTP REQUEST GET https://firebase.googleapis.com/v1beta1/projects/coffeerun-476fb  
 
[debug] [2020-10-22T00:12:26.666Z] <<< HTTP RESPONSE 200 {"content-type":"application/json; charset=UTF-8","vary":"X-Origin, Referer, Origin,Accept-Encoding","date":"Thu, 22 Oct 2020 00:12:28 GMT","server":"ESF","cache-control":"private","x-xss-protection":"0","x-frame-options":"SAMEORIGIN","x-content-type-options":"nosniff","alt-svc":"h3-Q050=\":443\"; ma=2592000,h3-29=\":443\"; ma=2592000,h3-T051=\":443\"; ma=2592000,h3-T050=\":443\"; ma=2592000,h3-Q046=\":443\"; ma=2592000,h3-Q043=\":443\"; ma=2592000,quic=\":443\"; ma=2592000; v=\"46,43\"","accept-ranges":"none","transfer-encoding":"chunked"}
[info] 
[info] === Serving from 'C:\Users\Peebl\Desktop\349\CoffeeRun'...
[info] 
[info] +  functions: Using node@12 from host. {"metadata":{"emulator":{"name":"functions"},"message":"Using node@12 from host."}}
[debug] [2020-10-22T00:12:28.723Z] defaultcredentials: writing to file C:\Users\Peebl\AppData\Roaming\firebase\peebletheory_gmail_com_application_default_credentials.json
[debug] [2020-10-22T00:12:28.724Z] Setting GAC to C:\Users\Peebl\AppData\Roaming\firebase\peebletheory_gmail_com_application_default_credentials.json {"metadata":{"emulator":{"name":"functions"},"message":"Setting GAC to C:\\Users\\Peebl\\AppData\\Roaming\\firebase\\peebletheory_gmail_com_application_default_credentials.json"}}
[info] i  functions: Watching "C:\Users\Peebl\Desktop\349\CoffeeRun\functions" for Cloud Functions... {"metadata":{"emulator":{"name":"functions"},"message":"Watching \"C:\\Users\\Peebl\\Desktop\\349\\CoffeeRun\\functions\" for Cloud Functions..."}}
[debug] [2020-10-22T00:12:28.744Z] [worker-pool] addWorker(~diagnostic~) {"metadata":{"emulator":{"name":"functions"},"message":"[worker-pool] addWorker(~diagnostic~)"}}
[debug] [2020-10-22T00:12:28.744Z] [worker-pool] Adding worker with key ~diagnostic~, total=1 {"metadata":{"emulator":{"name":"functions"},"message":"[worker-pool] Adding worker with key ~diagnostic~, total=1"}}
[debug] [2020-10-22T00:12:28.744Z] [worker-pool] submitWork(triggerId=) {"metadata":{"emulator":{"name":"functions"},"message":"[worker-pool] submitWork(triggerId=)"}}
[debug] [2020-10-22T00:12:28.745Z] [worker-~diagnostic~-46eea88e-2121-4ffe-b81d-663332d17393]: Assigning socketPath: \\?\pipe\C:\Users\Peebl\Desktop\349\CoffeeRun\functions\23384 {"metadata":{"emulator":{"name":"functions"},"message":"[worker-~diagnostic~-46eea88e-2121-4ffe-b81d-663332d17393]: Assigning socketPath: \\\\?\\pipe\\C:\\Users\\Peebl\\Desktop\\349\\CoffeeRun\\functions\\23384"}}
[debug] [2020-10-22T00:12:28.745Z] [worker-~diagnostic~-46eea88e-2121-4ffe-b81d-663332d17393]: BUSY {"metadata":{"emulator":{"name":"functions"},"message":"[worker-~diagnostic~-46eea88e-2121-4ffe-b81d-663332d17393]: BUSY"}}
[debug] [2020-10-22T00:12:29.067Z] [runtime-status] [23384] Functions runtime initialized. {"cwd":"C:\\Users\\Peebl\\Desktop\\349\\CoffeeRun\\functions","node_version":"12.16.2"} {"metadata":{"emulator":{"name":"functions"},"message":"[runtime-status] [23384] Functions runtime initialized. {\"cwd\":\"C:\\\\Users\\\\Peebl\\\\Desktop\\\\349\\\\CoffeeRun\\\\functions\",\"node_version\":\"12.16.2\"}"}}
[debug] [2020-10-22T00:12:29.068Z] [runtime-status] [23384] Disabled runtime features: undefined {"metadata":{"emulator":{"name":"functions"},"message":"[runtime-status] [23384] Disabled runtime features: undefined"}}
[debug] [2020-10-22T00:12:29.071Z] [runtime-status] [23384] Resolved module firebase-admin {"declared":true,"installed":true,"version":"9.2.0","resolution":"C:\\Users\\Peebl\\Desktop\\349\\CoffeeRun\\functions\\node_modules\\firebase-admin\\lib\\index.js"} {"metadata":{"emulator":{"name":"functions"},"message":"[runtime-status] [23384] Resolved module firebase-admin {\"declared\":true,\"installed\":true,\"version\":\"9.2.0\",\"resolution\":\"C:\\\\Users\\\\Peebl\\\\Desktop\\\\349\\\\CoffeeRun\\\\functions\\\\node_modules\\\\firebase-admin\\\\lib\\\\index.js\"}"}}
[debug] [2020-10-22T00:12:29.074Z] [runtime-status] [23384] Resolved module firebase-functions {"declared":true,"installed":true,"version":"3.11.0","resolution":"C:\\Users\\Peebl\\Desktop\\349\\CoffeeRun\\functions\\node_modules\\firebase-functions\\lib\\index.js"} {"metadata":{"emulator":{"name":"functions"},"message":"[runtime-status] [23384] Resolved module firebase-functions {\"declared\":true,\"installed\":true,\"version\":\"3.11.0\",\"resolution\":\"C:\\\\Users\\\\Peebl\\\\Desktop\\\\349\\\\CoffeeRun\\\\functions\\\\node_modules\\\\firebase-functions\\\\lib\\\\index.js\"}"}}
[debug] [2020-10-22T00:12:29.075Z] [runtime-status] [23384] Resolved module firebase-functions {"declared":true,"installed":true,"version":"3.11.0","resolution":"C:\\Users\\Peebl\\Desktop\\349\\CoffeeRun\\functions\\node_modules\\firebase-functions\\lib\\index.js"} {"metadata":{"emulator":{"name":"functions"},"message":"[runtime-status] [23384] Resolved module firebase-functions {\"declared\":true,\"installed\":true,\"version\":\"3.11.0\",\"resolution\":\"C:\\\\Users\\\\Peebl\\\\Desktop\\\\349\\\\CoffeeRun\\\\functions\\\\node_modules\\\\firebase-functions\\\\lib\\\\index.js\"}"}}
[debug] [2020-10-22T00:12:29.077Z] [runtime-status] [23384] Outgoing network have been stubbed. [{"name":"http","status":"mocked"},{"name":"http","status":"mocked"},{"name":"https","status":"mocked"},{"name":"https","status":"mocked"},{"name":"net","status":"mocked"}] {"metadata":{"emulator":{"name":"functions"},"message":"[runtime-status] [23384] Outgoing network have been stubbed. [{\"name\":\"http\",\"status\":\"mocked\"},{\"name\":\"http\",\"status\":\"mocked\"},{\"name\":\"https\",\"status\":\"mocked\"},{\"name\":\"https\",\"status\":\"mocked\"},{\"name\":\"net\",\"status\":\"mocked\"}]"}}
[debug] [2020-10-22T00:12:29.077Z] [runtime-status] [23384] Resolved module firebase-functions {"declared":true,"installed":true,"version":"3.11.0","resolution":"C:\\Users\\Peebl\\Desktop\\349\\CoffeeRun\\functions\\node_modules\\firebase-functions\\lib\\index.js"} {"metadata":{"emulator":{"name":"functions"},"message":"[runtime-status] [23384] Resolved module firebase-functions {\"declared\":true,\"installed\":true,\"version\":\"3.11.0\",\"resolution\":\"C:\\\\Users\\\\Peebl\\\\Desktop\\\\349\\\\CoffeeRun\\\\functions\\\\node_modules\\\\firebase-functions\\\\lib\\\\index.js\"}"}}
[debug] [2020-10-22T00:12:29.114Z] [runtime-status] [23384] Checked functions.config() {"config":{}} {"metadata":{"emulator":{"name":"functions"},"message":"[runtime-status] [23384] Checked functions.config() {\"config\":{}}"}}
[debug] [2020-10-22T00:12:29.114Z] [runtime-status] [23384] firebase-functions has been stubbed. {"functionsResolution":{"declared":true,"installed":true,"version":"3.11.0","resolution":"C:\\Users\\Peebl\\Desktop\\349\\CoffeeRun\\functions\\node_modules\\firebase-functions\\lib\\index.js"}} {"metadata":{"emulator":{"name":"functions"},"message":"[runtime-status] [23384] firebase-functions has been stubbed. {\"functionsResolution\":{\"declared\":true,\"installed\":true,\"version\":\"3.11.0\",\"resolution\":\"C:\\\\Users\\\\Peebl\\\\Desktop\\\\349\\\\CoffeeRun\\\\functions\\\\node_modules\\\\firebase-functions\\\\lib\\\\index.js\"}}"}}
[debug] [2020-10-22T00:12:29.114Z] [runtime-status] [23384] Resolved module firebase-functions {"declared":true,"installed":true,"version":"3.11.0","resolution":"C:\\Users\\Peebl\\Desktop\\349\\CoffeeRun\\functions\\node_modules\\firebase-functions\\lib\\index.js"} {"metadata":{"emulator":{"name":"functions"},"message":"[runtime-status] [23384] Resolved module firebase-functions {\"declared\":true,\"installed\":true,\"version\":\"3.11.0\",\"resolution\":\"C:\\\\Users\\\\Peebl\\\\Desktop\\\\349\\\\CoffeeRun\\\\functions\\\\node_modules\\\\firebase-functions\\\\lib\\\\index.js\"}"}}
[debug] [2020-10-22T00:12:29.115Z] [runtime-status] [23384] Resolved module firebase-admin {"declared":true,"installed":true,"version":"9.2.0","resolution":"C:\\Users\\Peebl\\Desktop\\349\\CoffeeRun\\functions\\node_modules\\firebase-admin\\lib\\index.js"} {"metadata":{"emulator":{"name":"functions"},"message":"[runtime-status] [23384] Resolved module firebase-admin {\"declared\":true,\"installed\":true,\"version\":\"9.2.0\",\"resolution\":\"C:\\\\Users\\\\Peebl\\\\Desktop\\\\349\\\\CoffeeRun\\\\functions\\\\node_modules\\\\firebase-admin\\\\lib\\\\index.js\"}"}}
[debug] [2020-10-22T00:12:29.115Z] [runtime-status] [23384] Resolved module firebase-functions {"declared":true,"installed":true,"version":"3.11.0","resolution":"C:\\Users\\Peebl\\Desktop\\349\\CoffeeRun\\functions\\node_modules\\firebase-functions\\lib\\index.js"} {"metadata":{"emulator":{"name":"functions"},"message":"[runtime-status] [23384] Resolved module firebase-functions {\"declared\":true,\"installed\":true,\"version\":\"3.11.0\",\"resolution\":\"C:\\\\Users\\\\Peebl\\\\Desktop\\\\349\\\\CoffeeRun\\\\functions\\\\node_modules\\\\firebase-functions\\\\lib\\\\index.js\"}"}}
[debug] [2020-10-22T00:12:29.115Z] [runtime-status] [23384] firebase-admin has been stubbed. {"adminResolution":{"declared":true,"installed":true,"version":"9.2.0","resolution":"C:\\Users\\Peebl\\Desktop\\349\\CoffeeRun\\functions\\node_modules\\firebase-admin\\lib\\index.js"}} {"metadata":{"emulator":{"name":"functions"},"message":"[runtime-status] [23384] firebase-admin has been stubbed. {\"adminResolution\":{\"declared\":true,\"installed\":true,\"version\":\"9.2.0\",\"resolution\":\"C:\\\\Users\\\\Peebl\\\\Desktop\\\\349\\\\CoffeeRun\\\\functions\\\\node_modules\\\\firebase-admin\\\\lib\\\\index.js\"}}"}}
[info] +  functions[helloWorld]: http function initialized (http://localhost:5000/coffeerun-476fb/us-central1/helloWorld). {"metadata":{"emulator":{"name":"functions"},"message":"\u001b[1mhttp\u001b[22m function initialized (http://localhost:5000/coffeerun-476fb/us-central1/helloWorld)."}}
[debug] [2020-10-22T00:12:29.118Z] [worker-~diagnostic~-46eea88e-2121-4ffe-b81d-663332d17393]: IDLE {"metadata":{"emulator":{"name":"functions"},"message":"[worker-~diagnostic~-46eea88e-2121-4ffe-b81d-663332d17393]: IDLE"}}
